*** Starting uWSGI 2.0.17 (64bit) on [Sat May  5 11:57:36 2018] ***
compiled with version: 5.4.0 20160609 on 05 May 2018 03:55:56
os: Linux-4.4.0-31-generic #50-Ubuntu SMP Wed Jul 13 00:07:12 UTC 2016
nodename: ubuntu
machine: x86_64
clock source: unix
pcre jit disabled
detected number of CPU cores: 4
current working directory: /home/python/Desktop/dailyfresh
writing pidfile to uwsgi.pid
detected binary path: /home/python/.virtualenvs/django_py3/bin/uwsgi
chdir() to /home/python/Desktop/dailyfresh
your processes number limit is 8967
your memory page size is 4096 bytes
detected max file descriptor number: 1024
lock engine: pthread robust mutexes
thunder lock: disabled (you can enable it with --thunder-lock)
uWSGI http bound on 127.0.0.1:8080 fd 4
uwsgi socket 0 bound to TCP address 127.0.0.1:45933 (port auto-assigned) fd 3
Python version: 3.5.2 (default, Nov 23 2017, 16:37:01)  [GCC 5.4.0 20160609]
Set PythonHome to /home/python/.virtualenvs/django_py3
Python main interpreter initialized at 0x196e3b0
python threads support enabled
your server socket listen backlog is limited to 100 connections
your mercy for graceful operations on workers is 60 seconds
mapped 416880 bytes (407 KB) for 8 cores
*** Operational MODE: preforking+threaded ***
WSGI app 0 (mountpoint='') ready in 8 seconds on interpreter 0x196e3b0 pid: 28874 (default app)
*** uWSGI is running in multiple interpreter mode ***
spawned uWSGI master process (pid: 28874)
spawned uWSGI worker 1 (pid: 28882, cores: 2)
spawned uWSGI worker 2 (pid: 28883, cores: 2)
spawned uWSGI worker 3 (pid: 28884, cores: 2)
spawned uWSGI worker 4 (pid: 28885, cores: 2)
spawned uWSGI http 1 (pid: 28887)




*** Starting uWSGI 2.0.17 (64bit) on [Sat May  5 14:29:32 2018] ***
compiled with version: 5.4.0 20160609 on 05 May 2018 03:55:56
os: Linux-4.4.0-31-generic #50-Ubuntu SMP Wed Jul 13 00:07:12 UTC 2016
nodename: ubuntu
machine: x86_64
clock source: unix
pcre jit disabled
detected number of CPU cores: 4
current working directory: /home/python/Desktop/dailyfresh
writing pidfile to uwsgi.pid
detected binary path: /home/python/.virtualenvs/django_py3/bin/uwsgi
chdir() to /home/python/Desktop/dailyfresh
your processes number limit is 8967
your memory page size is 4096 bytes
detected max file descriptor number: 1024
lock engine: pthread robust mutexes
thunder lock: disabled (you can enable it with --thunder-lock)
uwsgi socket 0 bound to TCP address 127.0.0.1:8080 fd 3
Python version: 3.5.2 (default, Nov 23 2017, 16:37:01)  [GCC 5.4.0 20160609]
Set PythonHome to /home/python/.virtualenvs/django_py3
Python main interpreter initialized at 0x12e02b0
python threads support enabled
your server socket listen backlog is limited to 100 connections
your mercy for graceful operations on workers is 60 seconds
mapped 416880 bytes (407 KB) for 8 cores
*** Operational MODE: preforking+threaded ***
WSGI app 0 (mountpoint='') ready in 7 seconds on interpreter 0x12e02b0 pid: 29374 (default app)
*** uWSGI is running in multiple interpreter mode ***
spawned uWSGI master process (pid: 29374)
spawned uWSGI worker 1 (pid: 29379, cores: 2)
spawned uWSGI worker 2 (pid: 29380, cores: 2)
spawned uWSGI worker 3 (pid: 29382, cores: 2)
spawned uWSGI worker 4 (pid: 29384, cores: 2)
invalid request block size: 21573 (max 4096)...skip
invalid request block size: 21573 (max 4096)...skip
invalid request block size: 21573 (max 4096)...skip
invalid request block size: 21573 (max 4096)...skip
invalid request block size: 21573 (max 4096)...skip
invalid request block size: 21573 (max 4096)...skip
invalid request block size: 21573 (max 4096)...skip
invalid request block size: 21573 (max 4096)...skip
invalid request block size: 21573 (max 4096)...skip
invalid request block size: 21573 (max 4096)...skip
invalid request block size: 21573 (max 4096)...skip
invalid request block size: 21573 (max 4096)...skip
invalid request block size: 21573 (max 4096)...skip
invalid request block size: 21573 (max 4096)...skip
invalid request block size: 21573 (max 4096)...skip
invalid request block size: 21573 (max 4096)...skip
invalid request block size: 21573 (max 4096)...skip
invalid request block size: 21573 (max 4096)...skip
invalid request block size: 21573 (max 4096)...skip
invalid request block size: 21573 (max 4096)...skip
invalid request block size: 21573 (max 4096)...skip
invalid request block size: 21573 (max 4096)...skip
invalid request block size: 21573 (max 4096)...skip
invalid request block size: 21573 (max 4096)...skip
invalid request block size: 21573 (max 4096)...skip
invalid request block size: 21573 (max 4096)...skip
invalid request block size: 21573 (max 4096)...skip
invalid request block size: 21573 (max 4096)...skip
invalid request block size: 21573 (max 4096)...skip
invalid request block size: 21573 (max 4096)...skip
invalid request block size: 21573 (max 4096)...skip
invalid request block size: 21573 (max 4096)...skip
invalid request block size: 21573 (max 4096)...skip
invalid request block size: 21573 (max 4096)...skip
invalid request block size: 21573 (max 4096)...skip
invalid request block size: 21573 (max 4096)...skip
invalid request block size: 21573 (max 4096)...skip
invalid request block size: 21573 (max 4096)...skip
invalid request block size: 21573 (max 4096)...skip
invalid request block size: 21573 (max 4096)...skip
invalid request block size: 21573 (max 4096)...skip
invalid request block size: 21573 (max 4096)...skip
*** Starting uWSGI 2.0.17 (64bit) on [Sat May  5 15:23:02 2018] ***
compiled with version: 5.4.0 20160609 on 05 May 2018 03:55:56
os: Linux-4.4.0-31-generic #50-Ubuntu SMP Wed Jul 13 00:07:12 UTC 2016
nodename: ubuntu
machine: x86_64
clock source: unix
pcre jit disabled
detected number of CPU cores: 4
current working directory: /home/python/Desktop/dailyfresh
writing pidfile to uwsgi.pid
detected binary path: /home/python/.virtualenvs/django_py3/bin/uwsgi
chdir() to /home/python/Desktop/dailyfresh
your processes number limit is 8967
your memory page size is 4096 bytes
detected max file descriptor number: 1048576
lock engine: pthread robust mutexes
thunder lock: disabled (you can enable it with --thunder-lock)
probably another instance of uWSGI is running on the same address (127.0.0.1:8080).
bind(): Address already in use [core/socket.c line 769]
invalid request block size: 21573 (max 4096)...skip
invalid request block size: 21573 (max 4096)...skip
invalid request block size: 21573 (max 4096)...skip
invalid request block size: 21573 (max 4096)...skip
invalid request block size: 21573 (max 4096)...skip
invalid request block size: 21573 (max 4096)...skip
invalid request block size: 21573 (max 4096)...skip
invalid request block size: 21573 (max 4096)...skip
invalid request block size: 21573 (max 4096)...skip
invalid request block size: 21573 (max 4096)...skip
invalid request block size: 21573 (max 4096)...skip
invalid request block size: 21573 (max 4096)...skip
invalid request block size: 21573 (max 4096)...skip
invalid request block size: 21573 (max 4096)...skip
invalid request block size: 21573 (max 4096)...skip
invalid request block size: 21573 (max 4096)...skip
invalid request block size: 21573 (max 4096)...skip
invalid request block size: 21573 (max 4096)...skip
invalid request block size: 21573 (max 4096)...skip
invalid request block size: 21573 (max 4096)...skip
invalid request block size: 21573 (max 4096)...skip
invalid request block size: 21573 (max 4096)...skip
invalid request block size: 21573 (max 4096)...skip
invalid request block size: 21573 (max 4096)...skip
invalid request block size: 21573 (max 4096)...skip
invalid request block size: 21573 (max 4096)...skip
invalid request block size: 21573 (max 4096)...skip
invalid request block size: 21573 (max 4096)...skip
invalid request block size: 21573 (max 4096)...skip
invalid request block size: 21573 (max 4096)...skip
invalid request block size: 21573 (max 4096)...skip
invalid request block size: 21573 (max 4096)...skip
invalid request block size: 21573 (max 4096)...skip
invalid request block size: 21573 (max 4096)...skip
invalid request block size: 21573 (max 4096)...skip
invalid request block size: 21573 (max 4096)...skip
invalid request block size: 21573 (max 4096)...skip
invalid request block size: 21573 (max 4096)...skip
invalid request block size: 21573 (max 4096)...skip
invalid request block size: 21573 (max 4096)...skip
invalid request block size: 21573 (max 4096)...skip
invalid request block size: 21573 (max 4096)...skip
invalid request block size: 21573 (max 4096)...skip
*** Starting uWSGI 2.0.17 (64bit) on [Sat May  5 15:27:43 2018] ***
compiled with version: 5.4.0 20160609 on 05 May 2018 03:55:56
os: Linux-4.4.0-31-generic #50-Ubuntu SMP Wed Jul 13 00:07:12 UTC 2016
nodename: ubuntu
machine: x86_64
clock source: unix
pcre jit disabled
detected number of CPU cores: 4
current working directory: /home/python/Desktop/dailyfresh
writing pidfile to uwsgi.pid
detected binary path: /home/python/.virtualenvs/django_py3/bin/uwsgi
chdir() to /home/python/Desktop/dailyfresh
your processes number limit is 8967
your memory page size is 4096 bytes
detected max file descriptor number: 1048576
lock engine: pthread robust mutexes
thunder lock: disabled (you can enable it with --thunder-lock)
uwsgi socket 0 bound to TCP address 127.0.0.1:8080 fd 3
Python version: 3.5.2 (default, Nov 23 2017, 16:37:01)  [GCC 5.4.0 20160609]
Set PythonHome to /home/python/.virtualenvs/django_py3
Python main interpreter initialized at 0x1768470
python threads support enabled
your server socket listen backlog is limited to 100 connections
your mercy for graceful operations on workers is 60 seconds
mapped 416880 bytes (407 KB) for 8 cores
*** Operational MODE: preforking+threaded ***
WSGI app 0 (mountpoint='') ready in 2 seconds on interpreter 0x1768470 pid: 30421 (default app)
*** uWSGI is running in multiple interpreter mode ***
spawned uWSGI master process (pid: 30421)
spawned uWSGI worker 1 (pid: 30425, cores: 2)
spawned uWSGI worker 2 (pid: 30426, cores: 2)
spawned uWSGI worker 3 (pid: 30428, cores: 2)
spawned uWSGI worker 4 (pid: 30429, cores: 2)
invalid request block size: 21573 (max 4096)...skip
invalid request block size: 21573 (max 4096)...skip
invalid request block size: 21573 (max 4096)...skip
*** Starting uWSGI 2.0.17 (64bit) on [Sat May  5 15:30:42 2018] ***
compiled with version: 5.4.0 20160609 on 05 May 2018 03:55:56
os: Linux-4.4.0-31-generic #50-Ubuntu SMP Wed Jul 13 00:07:12 UTC 2016
nodename: ubuntu
machine: x86_64
clock source: unix
pcre jit disabled
detected number of CPU cores: 4
current working directory: /home/python/Desktop/dailyfresh
writing pidfile to uwsgi.pid
detected binary path: /home/python/.virtualenvs/django_py3/bin/uwsgi
chdir() to /home/python/Desktop/dailyfresh
your processes number limit is 8967
your memory page size is 4096 bytes
detected max file descriptor number: 1048576
lock engine: pthread robust mutexes
thunder lock: disabled (you can enable it with --thunder-lock)
uWSGI http bound on 127.0.0.1:8082 fd 4
uwsgi socket 0 bound to TCP address 127.0.0.1:40813 (port auto-assigned) fd 3
Python version: 3.5.2 (default, Nov 23 2017, 16:37:01)  [GCC 5.4.0 20160609]
Set PythonHome to /home/python/.virtualenvs/django_py3
Python main interpreter initialized at 0xbbf570
python threads support enabled
your server socket listen backlog is limited to 100 connections
your mercy for graceful operations on workers is 60 seconds
mapped 416880 bytes (407 KB) for 8 cores
*** Operational MODE: preforking+threaded ***
WSGI app 0 (mountpoint='') ready in 1 seconds on interpreter 0xbbf570 pid: 30496 (default app)
*** uWSGI is running in multiple interpreter mode ***
spawned uWSGI master process (pid: 30496)
spawned uWSGI worker 1 (pid: 30500, cores: 2)
spawned uWSGI worker 2 (pid: 30501, cores: 2)
spawned uWSGI worker 3 (pid: 30504, cores: 2)
spawned uWSGI worker 4 (pid: 30505, cores: 2)
spawned uWSGI http 1 (pid: 30507)
使用缓存
[pid: 30501|app: 0|req: 1/1] 127.0.0.1 () {40 vars in 696 bytes} [Sat May  5 15:30:46 2018] GET /index => generated 19478 bytes in 6049 msecs (HTTP/1.1 200) 3 headers in 102 bytes (1 switches on core 0)
[pid: 30501|app: 0|req: 2/2] 127.0.0.1 () {40 vars in 659 bytes} [Sat May  5 15:30:54 2018] GET /static/js/slide.js => generated 3134 bytes in 8 msecs (HTTP/1.1 404) 2 headers in 80 bytes (1 switches on core 1)
[pid: 30501|app: 0|req: 3/3] 127.0.0.1 () {40 vars in 667 bytes} [Sat May  5 15:30:54 2018] GET /static/js/slideshow.js => generated 3146 bytes in 13 msecs (HTTP/1.1 404) 2 headers in 80 bytes (1 switches on core 0)
[pid: 30504|app: 0|req: 2/4] 127.0.0.1 () {40 vars in 675 bytes} [Sat May  5 15:30:54 2018] GET /static/js/jquery-ui.min.js => generated 3158 bytes in 3624 msecs (HTTP/1.1 404) 2 headers in 80 bytes (1 switches on core 1)
[pid: 30504|app: 0|req: 2/6] 127.0.0.1 () {40 vars in 676 bytes} [Sat May  5 15:30:53 2018] GET /static/css/main.css => generated 3137 bytes in 4081 msecs (HTTP/1.1 404) 2 headers in 80 bytes (1 switches on core 0)
[pid: 30505|app: 0|req: 2/6] 127.0.0.1 () {40 vars in 683 bytes} [Sat May  5 15:30:53 2018] GET /static/js/jquery-1.12.4.min.js => generated 3170 bytes in 4037 msecs (HTTP/1.1 404) 2 headers in 80 bytes (1 switches on core 1)
[pid: 30505|app: 0|req: 2/8] 127.0.0.1 () {40 vars in 678 bytes} [Sat May  5 15:30:53 2018] GET /static/css/reset.css => generated 3140 bytes in 4158 msecs (HTTP/1.1 404) 2 headers in 80 bytes (1 switches on core 0)
[pid: 30500|app: 0|req: 2/8] 127.0.0.1 () {40 vars in 653 bytes} [Sat May  5 15:30:54 2018] GET /js/slideshow.js => generated 3125 bytes in 3219 msecs (HTTP/1.1 404) 2 headers in 80 bytes (1 switches on core 1)
[pid: 30500|app: 0|req: 2/9] 127.0.0.1 () {40 vars in 692 bytes} [Sat May  5 15:30:54 2018] GET /static/images/logo.png => generated 3146 bytes in 3490 msecs (HTTP/1.1 404) 2 headers in 80 bytes (1 switches on core 0)
[pid: 30505|app: 0|req: 4/10] 127.0.0.1 () {42 vars in 667 bytes} [Sat May  5 15:31:12 2018] GET /favicon.ico => generated 3113 bytes in 97 msecs (HTTP/1.1 404) 2 headers in 80 bytes (1 switches on core 1)
使用缓存
[pid: 30505|app: 0|req: 4/11] 127.0.0.1 () {40 vars in 696 bytes} [Sat May  5 15:31:12 2018] GET /index => generated 19478 bytes in 7952 msecs (HTTP/1.1 200) 3 headers in 102 bytes (1 switches on core 0)
[pid: 30505|app: 0|req: 5/12] 127.0.0.1 () {40 vars in 678 bytes} [Sat May  5 15:31:21 2018] GET /static/css/reset.css => generated 3140 bytes in 14 msecs (HTTP/1.1 404) 2 headers in 80 bytes (1 switches on core 1)
[pid: 30504|app: 0|req: 3/13] 127.0.0.1 () {40 vars in 676 bytes} [Sat May  5 15:31:21 2018] GET /static/css/main.css => generated 3137 bytes in 35 msecs (HTTP/1.1 404) 2 headers in 80 bytes (1 switches on core 1)
[pid: 30500|app: 0|req: 3/14] 127.0.0.1 () {40 vars in 675 bytes} [Sat May  5 15:31:21 2018] GET /static/js/jquery-ui.min.js => generated 3158 bytes in 27 msecs (HTTP/1.1 404) 2 headers in 80 bytes (1 switches on core 1)
[pid: 30505|app: 0|req: 6/15] 127.0.0.1 () {40 vars in 692 bytes} [Sat May  5 15:31:21 2018] GET /static/images/logo.png => generated 3146 bytes in 29 msecs (HTTP/1.1 404) 2 headers in 80 bytes (1 switches on core 0)
[pid: 30501|app: 0|req: 4/16] 127.0.0.1 () {40 vars in 683 bytes} [Sat May  5 15:31:21 2018] GET /static/js/jquery-1.12.4.min.js => generated 3170 bytes in 32 msecs (HTTP/1.1 404) 2 headers in 80 bytes (1 switches on core 1)
[pid: 30501|app: 0|req: 5/17] 127.0.0.1 () {40 vars in 659 bytes} [Sat May  5 15:31:21 2018] GET /static/js/slide.js => generated 3134 bytes in 7 msecs (HTTP/1.1 404) 2 headers in 80 bytes (1 switches on core 0)
[pid: 30505|app: 0|req: 7/18] 127.0.0.1 () {40 vars in 653 bytes} [Sat May  5 15:31:21 2018] GET /js/slideshow.js => generated 3125 bytes in 8 msecs (HTTP/1.1 404) 2 headers in 80 bytes (1 switches on core 1)
[pid: 30504|app: 0|req: 4/19] 127.0.0.1 () {40 vars in 667 bytes} [Sat May  5 15:31:21 2018] GET /static/js/slideshow.js => generated 3146 bytes in 10 msecs (HTTP/1.1 404) 2 headers in 80 bytes (1 switches on core 0)
[pid: 30504|app: 0|req: 5/20] 127.0.0.1 () {40 vars in 692 bytes} [Sat May  5 15:31:21 2018] GET /static/images/logo.png => generated 3146 bytes in 15 msecs (HTTP/1.1 404) 2 headers in 80 bytes (1 switches on core 1)
使用缓存
[pid: 30500|app: 0|req: 4/21] 127.0.0.1 () {40 vars in 696 bytes} [Sat May  5 15:31:23 2018] GET /index => generated 19478 bytes in 866 msecs (HTTP/1.1 200) 3 headers in 102 bytes (1 switches on core 0)
[pid: 30500|app: 0|req: 6/22] 127.0.0.1 () {40 vars in 678 bytes} [Sat May  5 15:31:24 2018] GET /static/css/reset.css => generated 3140 bytes in 16 msecs (HTTP/1.1 404) 2 headers in 80 bytes (1 switches on core 1)
[pid: 30505|app: 0|req: 9/23] 127.0.0.1 () {40 vars in 675 bytes} [Sat May  5 15:31:25 2018] GET /static/js/jquery-ui.min.js => generated 3158 bytes in 14 msecs (HTTP/1.1 404) 2 headers in 80 bytes (1 switches on core 1)
[pid: 30500|app: 0|req: 6/24] 127.0.0.1 () {40 vars in 676 bytes} [Sat May  5 15:31:25 2018] GET /static/css/main.css => generated 3137 bytes in 14 msecs (HTTP/1.1 404) 2 headers in 80 bytes (1 switches on core 0)
[pid: 30505|app: 0|req: 9/25] 127.0.0.1 () {40 vars in 683 bytes} [Sat May  5 15:31:25 2018] GET /static/js/jquery-1.12.4.min.js => generated 3170 bytes in 17 msecs (HTTP/1.1 404) 2 headers in 80 bytes (1 switches on core 0)
[pid: 30501|app: 0|req: 6/26] 127.0.0.1 () {40 vars in 659 bytes} [Sat May  5 15:31:25 2018] GET /static/js/slide.js => generated 3134 bytes in 6 msecs (HTTP/1.1 404) 2 headers in 80 bytes (1 switches on core 1)
[pid: 30501|app: 0|req: 7/27] 127.0.0.1 () {40 vars in 692 bytes} [Sat May  5 15:31:25 2018] GET /static/images/logo.png => generated 3146 bytes in 14 msecs (HTTP/1.1 404) 2 headers in 80 bytes (1 switches on core 0)
[pid: 30505|app: 0|req: 10/28] 127.0.0.1 () {40 vars in 667 bytes} [Sat May  5 15:31:25 2018] GET /static/js/slideshow.js => generated 3146 bytes in 8 msecs (HTTP/1.1 404) 2 headers in 80 bytes (1 switches on core 1)
[pid: 30501|app: 0|req: 8/29] 127.0.0.1 () {40 vars in 653 bytes} [Sat May  5 15:31:25 2018] GET /js/slideshow.js => generated 3125 bytes in 17 msecs (HTTP/1.1 404) 2 headers in 80 bytes (1 switches on core 1)
*** Starting uWSGI 2.0.17 (64bit) on [Sat May  5 15:36:00 2018] ***
compiled with version: 5.4.0 20160609 on 05 May 2018 03:55:56
os: Linux-4.4.0-31-generic #50-Ubuntu SMP Wed Jul 13 00:07:12 UTC 2016
nodename: ubuntu
machine: x86_64
clock source: unix
pcre jit disabled
detected number of CPU cores: 4
current working directory: /home/python/Desktop/dailyfresh
writing pidfile to uwsgi.pid
detected binary path: /home/python/.virtualenvs/django_py3/bin/uwsgi
chdir() to /home/python/Desktop/dailyfresh
your processes number limit is 8967
your memory page size is 4096 bytes
detected max file descriptor number: 1048576
lock engine: pthread robust mutexes
thunder lock: disabled (you can enable it with --thunder-lock)
uwsgi socket 0 bound to TCP address 127.0.0.1:8080 fd 3
Python version: 3.5.2 (default, Nov 23 2017, 16:37:01)  [GCC 5.4.0 20160609]
Set PythonHome to /home/python/.virtualenvs/django_py3
Python main interpreter initialized at 0x26d1470
python threads support enabled
your server socket listen backlog is limited to 100 connections
your mercy for graceful operations on workers is 60 seconds
mapped 416880 bytes (407 KB) for 8 cores
*** Operational MODE: preforking+threaded ***
WSGI app 0 (mountpoint='') ready in 7 seconds on interpreter 0x26d1470 pid: 30614 (default app)
*** uWSGI is running in multiple interpreter mode ***
spawned uWSGI master process (pid: 30614)
spawned uWSGI worker 1 (pid: 30629, cores: 2)
spawned uWSGI worker 2 (pid: 30630, cores: 2)
spawned uWSGI worker 3 (pid: 30632, cores: 2)
spawned uWSGI worker 4 (pid: 30634, cores: 2)
使用缓存
[pid: 30632|app: 0|req: 1/1] 127.0.0.1 () {40 vars in 698 bytes} [Sat May  5 15:36:46 2018] GET /index => generated 19478 bytes in 3865 msecs (HTTP/1.1 200) 3 headers in 102 bytes (1 switches on core 1)
[pid: 30629|app: 0|req: 1/2] 127.0.0.1 () {40 vars in 650 bytes} [Sat May  5 15:36:52 2018] GET /js/slideshow.js => generated 3120 bytes in 282 msecs (HTTP/1.1 404) 2 headers in 80 bytes (1 switches on core 0)
使用缓存
[pid: 30632|app: 0|req: 2/3] 127.0.0.1 () {42 vars in 729 bytes} [Sat May  5 15:36:57 2018] GET /index => generated 19478 bytes in 394 msecs (HTTP/1.1 200) 3 headers in 102 bytes (1 switches on core 0)
[pid: 30632|app: 0|req: 3/4] 127.0.0.1 () {42 vars in 681 bytes} [Sat May  5 15:36:57 2018] GET /js/slideshow.js => generated 3120 bytes in 11 msecs (HTTP/1.1 404) 2 headers in 80 bytes (1 switches on core 1)
[pid: 30634|app: 0|req: 1/5] 127.0.0.1 () {42 vars in 742 bytes} [Sat May  5 15:37:00 2018] GET /detail/1 => generated 12430 bytes in 2358 msecs (HTTP/1.1 200) 4 headers in 224 bytes (1 switches on core 0)
使用缓存
[pid: 30630|app: 0|req: 1/6] 127.0.0.1 () {42 vars in 739 bytes} [Sat May  5 15:37:10 2018] GET /index => generated 19478 bytes in 1625 msecs (HTTP/1.1 200) 3 headers in 102 bytes (1 switches on core 0)
[pid: 30632|app: 0|req: 4/7] 127.0.0.1 () {40 vars in 650 bytes} [Sat May  5 15:37:12 2018] GET /js/slideshow.js => generated 3120 bytes in 7 msecs (HTTP/1.1 404) 2 headers in 80 bytes (1 switches on core 0)
[pid: 30634|app: 0|req: 2/8] 127.0.0.1 () {42 vars in 742 bytes} [Sat May  5 15:37:13 2018] GET /list/1/1 => generated 9390 bytes in 553 msecs (HTTP/1.1 200) 3 headers in 102 bytes (1 switches on core 1)
[pid: 30632|app: 0|req: 5/9] 127.0.0.1 () {42 vars in 716 bytes} [Sat May  5 15:39:10 2018] GET /list/1/1 => generated 9390 bytes in 3120 msecs (HTTP/1.1 200) 3 headers in 102 bytes (1 switches on core 1)
使用缓存
[pid: 30632|app: 0|req: 6/10] 127.0.0.1 () {40 vars in 682 bytes} [Sat May  5 15:39:19 2018] GET /index => generated 19478 bytes in 558 msecs (HTTP/1.1 200) 3 headers in 102 bytes (1 switches on core 0)
[pid: 30634|app: 0|req: 3/11] 127.0.0.1 () {38 vars in 593 bytes} [Sat May  5 15:39:20 2018] GET /js/slideshow.js => generated 3120 bytes in 8 msecs (HTTP/1.1 404) 2 headers in 80 bytes (1 switches on core 1)
[pid: 30632|app: 0|req: 7/12] 127.0.0.1 () {40 vars in 693 bytes} [Sat May  5 15:39:25 2018] GET /users/login/ => generated 2418 bytes in 62 msecs (HTTP/1.1 200) 4 headers in 224 bytes (1 switches on core 1)
[pid: 30629|app: 0|req: 2/13] 127.0.0.1 () {50 vars in 928 bytes} [Sat May  5 15:39:33 2018] POST /users/login/ => generated 0 bytes in 1736 msecs (HTTP/1.1 302) 6 headers in 336 bytes (1 switches on core 1)
使用缓存
[pid: 30632|app: 0|req: 8/14] 127.0.0.1 () {44 vars in 818 bytes} [Sat May  5 15:39:35 2018] GET /index => generated 19468 bytes in 465 msecs (HTTP/1.1 200) 3 headers in 102 bytes (1 switches on core 0)
[pid: 30630|app: 0|req: 2/15] 127.0.0.1 () {40 vars in 694 bytes} [Sat May  5 15:39:36 2018] GET /js/slideshow.js => generated 3120 bytes in 17 msecs (HTTP/1.1 404) 2 headers in 80 bytes (1 switches on core 1)
[pid: 30629|app: 0|req: 3/16] 127.0.0.1 () {42 vars in 790 bytes} [Sat May  5 15:39:40 2018] GET /users/info => generated 6249 bytes in 2232 msecs (HTTP/1.1 200) 3 headers in 102 bytes (1 switches on core 0)
[pid: 30632|app: 0|req: 9/17] 127.0.0.1 () {42 vars in 785 bytes} [Sat May  5 15:39:44 2018] GET /cart/ => generated 11650 bytes in 141 msecs (HTTP/1.1 200) 4 headers in 224 bytes (1 switches on core 1)
*** Starting uWSGI 2.0.17 (64bit) on [Sat May  5 16:05:28 2018] ***
compiled with version: 5.4.0 20160609 on 05 May 2018 03:55:56
os: Linux-4.4.0-31-generic #50-Ubuntu SMP Wed Jul 13 00:07:12 UTC 2016
nodename: ubuntu
machine: x86_64
clock source: unix
pcre jit disabled
detected number of CPU cores: 4
current working directory: /home/python/Desktop/dailyfresh
writing pidfile to uwsgi.pid
detected binary path: /home/python/.virtualenvs/django_py3/bin/uwsgi
chdir() to /home/python/Desktop/dailyfresh
your processes number limit is 8967
your memory page size is 4096 bytes
detected max file descriptor number: 1048576
lock engine: pthread robust mutexes
thunder lock: disabled (you can enable it with --thunder-lock)
probably another instance of uWSGI is running on the same address (127.0.0.1:8080).
bind(): Address already in use [core/socket.c line 769]
*** Starting uWSGI 2.0.17 (64bit) on [Sat May  5 16:05:34 2018] ***
compiled with version: 5.4.0 20160609 on 05 May 2018 03:55:56
os: Linux-4.4.0-31-generic #50-Ubuntu SMP Wed Jul 13 00:07:12 UTC 2016
nodename: ubuntu
machine: x86_64
clock source: unix
pcre jit disabled
detected number of CPU cores: 4
current working directory: /home/python/Desktop/dailyfresh
writing pidfile to uwsgi.pid
detected binary path: /home/python/.virtualenvs/django_py3/bin/uwsgi
chdir() to /home/python/Desktop/dailyfresh
your processes number limit is 8967
your memory page size is 4096 bytes
detected max file descriptor number: 1048576
lock engine: pthread robust mutexes
thunder lock: disabled (you can enable it with --thunder-lock)
uwsgi socket 0 bound to TCP address 127.0.0.1:8082 fd 3
Python version: 3.5.2 (default, Nov 23 2017, 16:37:01)  [GCC 5.4.0 20160609]
Set PythonHome to /home/python/.virtualenvs/django_py3
Python main interpreter initialized at 0x1e2a470
python threads support enabled
your server socket listen backlog is limited to 100 connections
your mercy for graceful operations on workers is 60 seconds
mapped 416880 bytes (407 KB) for 8 cores
*** Operational MODE: preforking+threaded ***
WSGI app 0 (mountpoint='') ready in 10 seconds on interpreter 0x1e2a470 pid: 31080 (default app)
*** uWSGI is running in multiple interpreter mode ***
spawned uWSGI master process (pid: 31080)
spawned uWSGI worker 1 (pid: 31088, cores: 2)
spawned uWSGI worker 2 (pid: 31089, cores: 2)
spawned uWSGI worker 3 (pid: 31092, cores: 2)
spawned uWSGI worker 4 (pid: 31094, cores: 2)
[pid: 31092|app: 0|req: 1/1] 127.0.0.1 () {44 vars in 816 bytes} [Sat May  5 16:07:29 2018] GET /cart/ => generated 11650 bytes in 16739 msecs (HTTP/1.1 200) 4 headers in 224 bytes (1 switches on core 0)
缓存为空,从Mysql数据库读取
[pid: 30634|app: 0|req: 4/18] 127.0.0.1 () {42 vars in 780 bytes} [Sat May  5 16:08:04 2018] GET /index => generated 19468 bytes in 6588 msecs (HTTP/1.1 200) 3 headers in 102 bytes (1 switches on core 0)
[pid: 31088|app: 0|req: 1/2] 127.0.0.1 () {40 vars in 694 bytes} [Sat May  5 16:08:11 2018] GET /js/slideshow.js => generated 3120 bytes in 8382 msecs (HTTP/1.1 404) 2 headers in 80 bytes (1 switches on core 0)




